<?xml version="1.0" encoding="UTF-8"?>
<testng-results skipped="0" failed="0" ignored="0" total="1" passed="1">
  <reporter-output>
  </reporter-output>
  <suite name="Suite" duration-ms="23" started-at="2019-04-12T11:36:31Z" finished-at="2019-04-12T11:36:31Z">
    <groups>
    </groups>
    <test name="Test" duration-ms="23" started-at="2019-04-12T11:36:31Z" finished-at="2019-04-12T11:36:31Z">
      <class name="basicjava.NewTest">
        <test-method status="PASS" signature="f()[pri:0, instance:basicjava.NewTest@5dfcfece]" name="f" duration-ms="7" started-at="2019-04-12T11:36:31Z" finished-at="2019-04-12T11:36:31Z">
          <reporter-output>
          </reporter-output>
        </test-method> <!-- f -->
      </class> <!-- basicjava.NewTest -->
    </test> <!-- Test -->
  </suite> <!-- Suite -->
</testng-results>
