<?xml version="1.0" encoding="UTF-8"?>
<!-- Generated by org.testng.reporters.JUnitXMLReporter -->
<testsuite hostname="admin-PC" ignored="0" name="Execute tests" tests="8" failures="0" timestamp="01 Jan 2019 05:40:25 GMT" time="945.914" errors="0">
  <testcase name="script1" time="147.135" classname="smokeTest.SmokeTestPayPalTextBox"/>
  <testcase name="script1" time="41.242" classname="smokeTest.SmokeTestProductItem"/>
  <testcase name="script2" time="71.796" classname="smokeTest.SmokeTestProductItem"/>
  <testcase name="script1" time="42.836" classname="smokeTest.SmokeTestSearchaniesExtention"/>
  <testcase name="withLogin" time="287.833" classname="functionality.FunctionalityProductReview"/>
  <testcase name="script2" time="37.296" classname="smokeTest.SmokeTestSearchaniesExtention"/>
  <testcase name="withoutLogin" time="258.465" classname="functionality.FunctionalityProductReview"/>
  <testcase name="script3" time="33.169" classname="smokeTest.SmokeTestSearchaniesExtention"/>
</testsuite> <!-- Execute tests -->
